<?xml version="1.0" encoding="UTF-8"?>
<!-- Generated by org.testng.reporters.JUnitXMLReporter -->
<testsuite hostname="DESKTOP-75SCK3T" ignored="0" name="Test" tests="19" failures="8" timestamp="2021-06-11T18:53:03 IST" time="581.68" errors="0">
  <testcase name="verifyLoginPageLoadedorNot" time="0.329" classname="com.project.testscripts.LoginTest"/>
  <testcase name="verifyLoginPageTitle" time="0.017" classname="com.project.testscripts.LoginTest"/>
  <testcase name="verifyValidLogin" time="11.822" classname="com.project.testscripts.LoginTest">
    <failure type="java.lang.NullPointerException">
      <![CDATA[java.lang.NullPointerException
at com.project.testscripts.LoginTest.verifyValidLogin(LoginTest.java:50)
at java.util.ArrayList.forEach(Unknown Source)
... Removed 27 stack frames]]>
    </failure>
  </testcase> <!-- verifyValidLogin -->
  <testcase name="verifySignout" time="9.78" classname="com.project.testscripts.LogoutTest"/>
  <testcase name="verifyprofile" time="7.769" classname="com.project.testscripts.LogoutTest"/>
  <testcase name="verifyHomePageTitle" time="7.489" classname="com.project.testscripts.HomeTest">
    <failure type="java.lang.AssertionError" message="Title Mismatch!! expected [Home - Demo Company] but found [Home - Reobeen LLC]">
      <![CDATA[java.lang.AssertionError: Title Mismatch!! expected [Home - Demo Company] but found [Home - Reobeen LLC]
at com.project.testscripts.HomeTest.verifyHomePageTitle(HomeTest.java:29)
at java.util.ArrayList.forEach(Unknown Source)
... Removed 32 stack frames]]>
    </failure>
  </testcase> <!-- verifyHomePageTitle -->
  <testcase name="verifyHomepageloaded" time="7.395" classname="com.project.testscripts.HomeTest"/>
  <testcase name="verifyForgotPasswordError" time="3.985" classname="com.project.testscripts.ResetPasswordTest"/>
  <testcase name="verifyResetPageLoadedorNot" time="1.765" classname="com.project.testscripts.ResetPasswordTest"/>
  <testcase name="VerifyUserManagementTab" time="19.808" classname="com.project.testscripts.UserManagementTest"/>
  <testcase name="verifyUsersTabloaded" time="16.854" classname="com.project.testscripts.UserManagementTest"/>
  <testcase name="verifyusermanagementloaded" time="28.184" classname="com.project.testscripts.UserManagementTest">
    <failure type="org.openqa.selenium.TimeoutException" message="Expected condition failed: waiting for visibility of Proxy element for: DefaultElementLocator &amp;apos;By.xpath: //li[contains(@class,&amp;apos;treeview active&amp;apos;)]&amp;apos; (tried for 15 second(s) with 500 milliseconds interval)">
      <![CDATA[org.openqa.selenium.TimeoutException: Expected condition failed: waiting for visibility of Proxy element for: DefaultElementLocator 'By.xpath: //li[contains(@class,'treeview active')]' (tried for 15 second(s) with 500 milliseconds interval)
at org.openqa.selenium.support.ui.WebDriverWait.timeoutException(WebDriverWait.java:95)
at org.openqa.selenium.support.ui.FluentWait.until(FluentWait.java:272)
at com.project.utiities.PageUtility.waitForElementTobeVisible(PageUtility.java:16)
at com.project.pages.UserManagementPage.getUserManagementStatus(UserManagementPage.java:69)
at com.project.testscripts.UserManagementTest.verifyusermanagementloaded(UserManagementTest.java:35)
at java.util.ArrayList.forEach(Unknown Source)
Caused by: org.openqa.selenium.NoSuchElementException: Unable to locate element: //li[contains(@class,'treeview active')]
For documentation on this error, please visit: https://www.seleniumhq.org/exceptions/no_such_element.html
Build info: version: '3.141.59', revision: 'e82be7d358', time: '2018-11-14T08:17:03'
System info: host: 'DESKTOP-75SCK3T', ip: '192.168.1.6', os.name: 'Windows 10', os.arch: 'amd64', os.version: '10.0', java.version: '1.8.0_251'
Driver info: org.openqa.selenium.firefox.FirefoxDriver
Capabilities {acceptInsecureCerts: true, browserName: firefox, browserVersion: 89.0, javascriptEnabled: true, moz:accessibilityChecks: false, moz:buildID: 20210527174632, moz:geckodriverVersion: 0.29.1, moz:headless: false, moz:processID: 9296, moz:profile: C:\Users\TEMP.DESKTOP-75SCK..., moz:shutdownTimeout: 60000, moz:useNonSpecCompliantPointerOrigin: false, moz:webdriverClick: true, pageLoadStrategy: normal, platform: WINDOWS, platformName: WINDOWS, platformVersion: 10.0, setWindowRect: true, strictFileInteractability: false, timeouts: {implicit: 0, pageLoad: 300000, script: 30000}, unhandledPromptBehavior: dismiss and notify}
Session ID: 9c145dc7-2a95-4d64-b666-0acbedc6dcb8
*** Element info: {Using=xpath, value=//li[contains(@class,'treeview active')]}
at org.openqa.selenium.remote.http.W3CHttpResponseCodec.createException(W3CHttpResponseCodec.java:187)
at org.openqa.selenium.remote.http.W3CHttpResponseCodec.decode(W3CHttpResponseCodec.java:122)
at org.openqa.selenium.remote.http.W3CHttpResponseCodec.decode(W3CHttpResponseCodec.java:49)
at org.openqa.selenium.remote.HttpCommandExecutor.execute(HttpCommandExecutor.java:158)
at org.openqa.selenium.remote.service.DriverCommandExecutor.execute(DriverCommandExecutor.java:83)
at org.openqa.selenium.remote.RemoteWebDriver.execute(RemoteWebDriver.java:552)
at org.openqa.selenium.remote.RemoteWebDriver.findElement(RemoteWebDriver.java:323)
at org.openqa.selenium.remote.RemoteWebDriver.findElementByXPath(RemoteWebDriver.java:428)
at org.openqa.selenium.By$ByXPath.findElement(By.java:353)
at org.openqa.selenium.remote.RemoteWebDriver.findElement(RemoteWebDriver.java:315)
at org.openqa.selenium.support.pagefactory.DefaultElementLocator.findElement(DefaultElementLocator.java:69)
at org.openqa.selenium.support.pagefactory.internal.LocatingElementHandler.invoke(LocatingElementHandler.java:38)
at com.sun.proxy.$Proxy10.isDisplayed(Unknown Source)
at org.openqa.selenium.support.ui.ExpectedConditions.elementIfVisible(ExpectedConditions.java:314)
at org.openqa.selenium.support.ui.ExpectedConditions.access$000(ExpectedConditions.java:43)
at org.openqa.selenium.support.ui.ExpectedConditions$10.apply(ExpectedConditions.java:300)
at org.openqa.selenium.support.ui.ExpectedConditions$10.apply(ExpectedConditions.java:297)
at org.openqa.selenium.support.ui.FluentWait.until(FluentWait.java:249)
... 31 more
... Removed 30 stack frames]]>
    </failure>
  </testcase> <!-- verifyusermanagementloaded -->
  <testcase name="AddList" time="19.213" classname="com.project.testscripts.UsersTest"/>
  <testcase name="verifyTableRow" time="15.759" classname="com.project.testscripts.UsersTest">
    <failure type="org.openqa.selenium.NoSuchSessionException" message="Tried to run command without establishing a connection
Build info: version: &amp;apos;3.141.59&amp;apos;, revision: &amp;apos;e82be7d358&amp;apos;, time: &amp;apos;2018-11-14T08:17:03&amp;apos;
System info: host: &amp;apos;DESKTOP-75SCK3T&amp;apos;, ip: &amp;apos;192.168.1.6&amp;apos;, os.name: &amp;apos;Windows 10&amp;apos;, os.arch: &amp;apos;amd64&amp;apos;, os.version: &amp;apos;10.0&amp;apos;, java.version: &amp;apos;1.8.0_251&amp;apos;
Driver info: org.openqa.selenium.firefox.FirefoxDriver
Capabilities {acceptInsecureCerts: true, browserName: firefox, browserVersion: 89.0, javascriptEnabled: true, moz:accessibilityChecks: false, moz:buildID: 20210527174632, moz:geckodriverVersion: 0.29.1, moz:headless: false, moz:processID: 14172, moz:profile: C:\Users\TEMP.DESKTOP-75SCK..., moz:shutdownTimeout: 60000, moz:useNonSpecCompliantPointerOrigin: false, moz:webdriverClick: true, pageLoadStrategy: normal, platform: WINDOWS, platformName: WINDOWS, platformVersion: 10.0, setWindowRect: true, strictFileInteractability: false, timeouts: {implicit: 0, pageLoad: 300000, script: 30000}, unhandledPromptBehavior: dismiss and notify}
Session ID: cc02990f-96f1-4cbf-8b0a-1ecd491c4b83
*** Element info: {Using=xpath, value=//table[@id=&amp;apos;users_table&amp;apos;]//tbody//td}">
      <![CDATA[org.openqa.selenium.NoSuchSessionException: Tried to run command without establishing a connection
Build info: version: '3.141.59', revision: 'e82be7d358', time: '2018-11-14T08:17:03'
System info: host: 'DESKTOP-75SCK3T', ip: '192.168.1.6', os.name: 'Windows 10', os.arch: 'amd64', os.version: '10.0', java.version: '1.8.0_251'
Driver info: org.openqa.selenium.firefox.FirefoxDriver
Capabilities {acceptInsecureCerts: true, browserName: firefox, browserVersion: 89.0, javascriptEnabled: true, moz:accessibilityChecks: false, moz:buildID: 20210527174632, moz:geckodriverVersion: 0.29.1, moz:headless: false, moz:processID: 14172, moz:profile: C:\Users\TEMP.DESKTOP-75SCK..., moz:shutdownTimeout: 60000, moz:useNonSpecCompliantPointerOrigin: false, moz:webdriverClick: true, pageLoadStrategy: normal, platform: WINDOWS, platformName: WINDOWS, platformVersion: 10.0, setWindowRect: true, strictFileInteractability: false, timeouts: {implicit: 0, pageLoad: 300000, script: 30000}, unhandledPromptBehavior: dismiss and notify}
Session ID: cc02990f-96f1-4cbf-8b0a-1ecd491c4b83
*** Element info: {Using=xpath, value=//table[@id='users_table']//tbody//td}
at org.openqa.selenium.remote.http.W3CHttpResponseCodec.createException(W3CHttpResponseCodec.java:187)
at org.openqa.selenium.remote.http.W3CHttpResponseCodec.decode(W3CHttpResponseCodec.java:122)
at org.openqa.selenium.remote.http.W3CHttpResponseCodec.decode(W3CHttpResponseCodec.java:49)
at org.openqa.selenium.remote.HttpCommandExecutor.execute(HttpCommandExecutor.java:158)
at org.openqa.selenium.remote.service.DriverCommandExecutor.execute(DriverCommandExecutor.java:83)
at org.openqa.selenium.remote.RemoteWebDriver.execute(RemoteWebDriver.java:552)
at org.openqa.selenium.remote.RemoteWebDriver.findElements(RemoteWebDriver.java:353)
at org.openqa.selenium.remote.RemoteWebDriver.findElementsByXPath(RemoteWebDriver.java:432)
at org.openqa.selenium.By$ByXPath.findElements(By.java:348)
at org.openqa.selenium.support.pagefactory.ByChained.findElements(ByChained.java:69)
at org.openqa.selenium.remote.RemoteWebDriver.findElements(RemoteWebDriver.java:311)
at org.openqa.selenium.support.pagefactory.DefaultElementLocator.findElements(DefaultElementLocator.java:85)
at org.openqa.selenium.support.pagefactory.internal.LocatingElementListHandler.invoke(LocatingElementListHandler.java:36)
at com.sun.proxy.$Proxy12.size(Unknown Source)
at com.project.pages.UsersPage.verifyTable(UsersPage.java:128)
at com.project.testscripts.UsersTest.verifyTableRow(UsersTest.java:71)
at java.util.ArrayList.forEach(Unknown Source)
... Removed 31 stack frames]]>
    </failure>
  </testcase> <!-- verifyTableRow -->
  <testcase name="verifyViewUserPageTitle" time="18.483" classname="com.project.testscripts.UsersTest">
    <failure type="java.lang.AssertionError" message="Userview page title mismatch expected [View User - Demo Company] but found [View User - Reobeen LLC]">
      <![CDATA[java.lang.AssertionError: Userview page title mismatch expected [View User - Demo Company] but found [View User - Reobeen LLC]
at com.project.testscripts.UsersTest.verifyViewUserPageTitle(UsersTest.java:95)
at java.util.ArrayList.forEach(Unknown Source)
... Removed 32 stack frames]]>
    </failure>
  </testcase> <!-- verifyViewUserPageTitle -->
  <testcase name="verifyusersTitle" time="15.993" classname="com.project.testscripts.UsersTest">
    <failure type="java.lang.AssertionError" message="Title Mismatch expected [Users - Demo Company] but found [Users - Reobeen LLC]">
      <![CDATA[java.lang.AssertionError: Title Mismatch expected [Users - Demo Company] but found [Users - Reobeen LLC]
at com.project.testscripts.UsersTest.verifyusersTitle(UsersTest.java:36)
at java.util.ArrayList.forEach(Unknown Source)
... Removed 32 stack frames]]>
    </failure>
  </testcase> <!-- verifyusersTitle -->
  <testcase name="addAgent" time="23.747" classname="com.project.testscripts.SalesCommissionAgentTest"/>
  <testcase name="verifySalesCommissionAgentTitle" time="16.753" classname="com.project.testscripts.SalesCommissionAgentTest">
    <failure type="java.lang.AssertionError" message="Title Mismatch expected [Sales Commission Agents - Demo Company] but found [Sales Commission Agents - Reobeen LLC]">
      <![CDATA[java.lang.AssertionError: Title Mismatch expected [Sales Commission Agents - Demo Company] but found [Sales Commission Agents - Reobeen LLC]
at com.project.testscripts.SalesCommissionAgentTest.verifySalesCommissionAgentTitle(SalesCommissionAgentTest.java:33)
at java.util.ArrayList.forEach(Unknown Source)
... Removed 32 stack frames]]>
    </failure>
  </testcase> <!-- verifySalesCommissionAgentTitle -->
  <testcase name="verifysearch" time="27.175" classname="com.project.testscripts.SalesCommissionAgentTest">
    <failure type="java.lang.AssertionError" message="expected [agent123@gmail.com] but found [Mr agent 123]">
      <![CDATA[java.lang.AssertionError: expected [agent123@gmail.com] but found [Mr agent 123]
at com.project.testscripts.SalesCommissionAgentTest.verifysearch(SalesCommissionAgentTest.java:77)
at java.util.ArrayList.forEach(Unknown Source)
... Removed 33 stack frames]]>
    </failure>
  </testcase> <!-- verifysearch -->
</testsuite> <!-- Test -->
