<?xml version="1.0" encoding="UTF-8"?>
<!-- Generated by org.testng.reporters.JUnitXMLReporter -->
<testsuite ignored="0" hostname="DESKTOP-75SCK3T" failures="1" tests="4" name="Test" time="111.285" errors="0" timestamp="2021-06-03T23:36:59 IST">
  <testcase classname="com.project.testscripts.UserManagementTest" name="verifyUsersTabloaded" time="14.513"/>
  <testcase classname="com.project.testscripts.UsersTest" name="AddList" time="17.837"/>
  <testcase classname="com.project.testscripts.UsersTest" name="verifyTableRow" time="14.565">
    <failure type="java.lang.AssertionError" message="Mismatch List!!!: lists don&amp;apos;t have the same size expected [4] but found [14]">
      <![CDATA[java.lang.AssertionError: Mismatch List!!!: lists don't have the same size expected [4] but found [14]
at com.project.testscripts.UsersTest.verifyTableRow(UsersTest.java:77)
at java.base/java.util.ArrayList.forEach(ArrayList.java:1510)
... Removed 33 stack frames]]>
    </failure>
  </testcase> <!-- verifyTableRow -->
  <testcase classname="com.project.testscripts.UsersTest" name="verifyusersTitle" time="14.291"/>
</testsuite> <!-- Test -->
